<html>
<head>
<title>TestNG:  Mock</title>
<link href="../testng.css" rel="stylesheet" type="text/css" />
<link href="../my-testng.css" rel="stylesheet" type="text/css" />

<style type="text/css">
.log { display: none;} 
.stack-trace { display: none;} 
</style>
<script type="text/javascript">
<!--
function flip(e) {
  current = e.style.display;
  if (current == 'block') {
    e.style.display = 'none';
    return 0;
  }
  else {
    e.style.display = 'block';
    return 1;
  }
}

function toggleBox(szDivId, elem, msg1, msg2)
{
  var res = -1;  if (document.getElementById) {
    res = flip(document.getElementById(szDivId));
  }
  else if (document.all) {
    // this is the way old msie versions work
    res = flip(document.all[szDivId]);
  }
  if(elem) {
    if(res == 0) elem.innerHTML = msg1; else elem.innerHTML = msg2;
  }

}

function toggleAllBoxes() {
  if (document.getElementsByTagName) {
    d = document.getElementsByTagName('div');
    for (i = 0; i < d.length; i++) {
      if (d[i].className == 'log') {
        flip(d[i]);
      }
    }
  }
}

// -->
</script>

</head>
<body>
<h2 align='center'>Mock</h2><table border='1' align="center">
<tr>
<td>Tests passed/Failed/Skipped:</td><td>36/0/0</td>
</tr><tr>
<td>Started on:</td><td>Thu Jan 23 11:52:20 COT 2014</td>
</tr>
<tr><td>Total time:</td><td>0 seconds (552 ms)</td>
</tr><tr>
<td>Included groups:</td><td></td>
</tr><tr>
<td>Excluded groups:</td><td></td>
</tr>
</table><p/>
<small><i>(Hover the method name to see the test class name)</i></small><p/>
<table width='100%' border='1' class='invocation-passed'>
<tr><td colspan='4' align='center'><b>PASSED TESTS</b></td></tr>
<tr><td><b>Test method</b></td>
<td width="30%"><b>Exception</b></td>
<td width="10%"><b>Time (seconds)</b></td>
<td><b>Instance</b></td>
</tr>
<tr>
<td title='com.payulatam.samples.bank.test.service.AccountServiceTest.createAccountInvalidClientId()'><b>createAccountInvalidClientId</b><br>Test class: com.payulatam.samples.bank.test.service.AccountServiceTest</td>
<td><div><pre>java.util.NoSuchElementException
	at com.payulatam.samples.bank.service.impl.AccountService.create(AccountService.java:37)
	at com.payulatam.samples.bank.test.service.AccountServiceTest.createAccountInvalidClientId(AccountServiceTest.java:66)
	at org.springframework.test.context.testng.AbstractTestNGSpringContextTests.run(AbstractTestNGSpringContextTests.java:158)
... Removed 30 stack frames</pre></div><a href='#' onClick='toggleBox("stack-trace160448052", this, "Click to show all stack frames", "Click to hide stack frames")'>Click to show all stack frames</a>
<div class='stack-trace' id='stack-trace160448052'><pre>java.util.NoSuchElementException
	at com.payulatam.samples.bank.service.impl.AccountService.create(AccountService.java:37)
	at com.payulatam.samples.bank.test.service.AccountServiceTest.createAccountInvalidClientId(AccountServiceTest.java:66)
	at sun.reflect.NativeMethodAccessorImpl.invoke0(Native Method)
	at sun.reflect.NativeMethodAccessorImpl.invoke(NativeMethodAccessorImpl.java:57)
	at sun.reflect.DelegatingMethodAccessorImpl.invoke(DelegatingMethodAccessorImpl.java:43)
	at java.lang.reflect.Method.invoke(Method.java:606)
	at org.testng.internal.MethodInvocationHelper.invokeMethod(MethodInvocationHelper.java:84)
	at org.testng.internal.MethodInvocationHelper$1.runTestMethod(MethodInvocationHelper.java:200)
	at org.springframework.test.context.testng.AbstractTestNGSpringContextTests.run(AbstractTestNGSpringContextTests.java:158)
	at sun.reflect.NativeMethodAccessorImpl.invoke0(Native Method)
	at sun.reflect.NativeMethodAccessorImpl.invoke(NativeMethodAccessorImpl.java:57)
	at sun.reflect.DelegatingMethodAccessorImpl.invoke(DelegatingMethodAccessorImpl.java:43)
	at java.lang.reflect.Method.invoke(Method.java:606)
	at org.testng.internal.MethodInvocationHelper.invokeHookable(MethodInvocationHelper.java:212)
	at org.testng.internal.Invoker.invokeMethod(Invoker.java:707)
	at org.testng.internal.Invoker.invokeTestMethod(Invoker.java:901)
	at org.testng.internal.Invoker.invokeTestMethods(Invoker.java:1231)
	at org.testng.internal.TestMethodWorker.invokeTestMethods(TestMethodWorker.java:127)
	at org.testng.internal.TestMethodWorker.run(TestMethodWorker.java:111)
	at org.testng.TestRunner.privateRun(TestRunner.java:767)
	at org.testng.TestRunner.run(TestRunner.java:617)
	at org.testng.SuiteRunner.runTest(SuiteRunner.java:334)
	at org.testng.SuiteRunner.runSequentially(SuiteRunner.java:329)
	at org.testng.SuiteRunner.privateRun(SuiteRunner.java:291)
	at org.testng.SuiteRunner.run(SuiteRunner.java:240)
	at org.testng.SuiteRunnerWorker.runSuite(SuiteRunnerWorker.java:52)
	at org.testng.SuiteRunnerWorker.run(SuiteRunnerWorker.java:86)
	at org.testng.TestNG.runSuitesSequentially(TestNG.java:1224)
	at org.testng.TestNG.runSuitesLocally(TestNG.java:1149)
	at org.testng.TestNG.run(TestNG.java:1057)
	at org.testng.remote.RemoteTestNG.run(RemoteTestNG.java:111)
	at org.testng.remote.RemoteTestNG.initAndRun(RemoteTestNG.java:204)
	at org.testng.remote.RemoteTestNG.main(RemoteTestNG.java:175)
</pre></div></td>
<td>0</td>
<td>com.payulatam.samples.bank.test.service.AccountServiceTest@437668f</td></tr>
<tr>
<td title='com.payulatam.samples.bank.test.service.TransactionServiceTest.createCreditTransaction()'><b>createCreditTransaction</b><br>Test class: com.payulatam.samples.bank.test.service.TransactionServiceTest</td>
<td></td>
<td>0</td>
<td>com.payulatam.samples.bank.test.service.TransactionServiceTest@4f106738</td></tr>
<tr>
<td title='com.payulatam.samples.bank.test.service.TransactionServiceTest.createDebitTransaction()'><b>createDebitTransaction</b><br>Test class: com.payulatam.samples.bank.test.service.TransactionServiceTest</td>
<td></td>
<td>0</td>
<td>com.payulatam.samples.bank.test.service.TransactionServiceTest@4f106738</td></tr>
<tr>
<td title='com.payulatam.samples.bank.test.service.TransactionServiceTest.createInvalidCreditTransaction()'><b>createInvalidCreditTransaction</b><br>Test class: com.payulatam.samples.bank.test.service.TransactionServiceTest</td>
<td><div><pre>java.lang.IllegalStateException
	at com.payulatam.samples.bank.service.impl.TransactionService.create(TransactionService.java:65)
	at com.payulatam.samples.bank.test.service.TransactionServiceTest.createInvalidCreditTransaction(TransactionServiceTest.java:107)
	at org.springframework.test.context.testng.AbstractTestNGSpringContextTests.run(AbstractTestNGSpringContextTests.java:158)
... Removed 30 stack frames</pre></div><a href='#' onClick='toggleBox("stack-trace1426174202", this, "Click to show all stack frames", "Click to hide stack frames")'>Click to show all stack frames</a>
<div class='stack-trace' id='stack-trace1426174202'><pre>java.lang.IllegalStateException
	at com.payulatam.samples.bank.service.impl.TransactionService.create(TransactionService.java:65)
	at com.payulatam.samples.bank.test.service.TransactionServiceTest.createInvalidCreditTransaction(TransactionServiceTest.java:107)
	at sun.reflect.NativeMethodAccessorImpl.invoke0(Native Method)
	at sun.reflect.NativeMethodAccessorImpl.invoke(NativeMethodAccessorImpl.java:57)
	at sun.reflect.DelegatingMethodAccessorImpl.invoke(DelegatingMethodAccessorImpl.java:43)
	at java.lang.reflect.Method.invoke(Method.java:606)
	at org.testng.internal.MethodInvocationHelper.invokeMethod(MethodInvocationHelper.java:84)
	at org.testng.internal.MethodInvocationHelper$1.runTestMethod(MethodInvocationHelper.java:200)
	at org.springframework.test.context.testng.AbstractTestNGSpringContextTests.run(AbstractTestNGSpringContextTests.java:158)
	at sun.reflect.NativeMethodAccessorImpl.invoke0(Native Method)
	at sun.reflect.NativeMethodAccessorImpl.invoke(NativeMethodAccessorImpl.java:57)
	at sun.reflect.DelegatingMethodAccessorImpl.invoke(DelegatingMethodAccessorImpl.java:43)
	at java.lang.reflect.Method.invoke(Method.java:606)
	at org.testng.internal.MethodInvocationHelper.invokeHookable(MethodInvocationHelper.java:212)
	at org.testng.internal.Invoker.invokeMethod(Invoker.java:707)
	at org.testng.internal.Invoker.invokeTestMethod(Invoker.java:901)
	at org.testng.internal.Invoker.invokeTestMethods(Invoker.java:1231)
	at org.testng.internal.TestMethodWorker.invokeTestMethods(TestMethodWorker.java:127)
	at org.testng.internal.TestMethodWorker.run(TestMethodWorker.java:111)
	at org.testng.TestRunner.privateRun(TestRunner.java:767)
	at org.testng.TestRunner.run(TestRunner.java:617)
	at org.testng.SuiteRunner.runTest(SuiteRunner.java:334)
	at org.testng.SuiteRunner.runSequentially(SuiteRunner.java:329)
	at org.testng.SuiteRunner.privateRun(SuiteRunner.java:291)
	at org.testng.SuiteRunner.run(SuiteRunner.java:240)
	at org.testng.SuiteRunnerWorker.runSuite(SuiteRunnerWorker.java:52)
	at org.testng.SuiteRunnerWorker.run(SuiteRunnerWorker.java:86)
	at org.testng.TestNG.runSuitesSequentially(TestNG.java:1224)
	at org.testng.TestNG.runSuitesLocally(TestNG.java:1149)
	at org.testng.TestNG.run(TestNG.java:1057)
	at org.testng.remote.RemoteTestNG.run(RemoteTestNG.java:111)
	at org.testng.remote.RemoteTestNG.initAndRun(RemoteTestNG.java:204)
	at org.testng.remote.RemoteTestNG.main(RemoteTestNG.java:175)
</pre></div></td>
<td>0</td>
<td>com.payulatam.samples.bank.test.service.TransactionServiceTest@4f106738</td></tr>
<tr>
<td title='com.payulatam.samples.bank.test.service.TransactionServiceTest.createInvalidNegativeValueTransaction()'><b>createInvalidNegativeValueTransaction</b><br>Test class: com.payulatam.samples.bank.test.service.TransactionServiceTest</td>
<td><div><pre>java.lang.IllegalArgumentException: [Transaction value should be &gt;= 0]
	at com.payulatam.samples.bank.service.impl.TransactionService.create(TransactionService.java:57)
	at com.payulatam.samples.bank.test.service.TransactionServiceTest.createInvalidNegativeValueTransaction(TransactionServiceTest.java:123)
	at org.springframework.test.context.testng.AbstractTestNGSpringContextTests.run(AbstractTestNGSpringContextTests.java:158)
... Removed 29 stack frames</pre></div><a href='#' onClick='toggleBox("stack-trace1616901546", this, "Click to show all stack frames", "Click to hide stack frames")'>Click to show all stack frames</a>
<div class='stack-trace' id='stack-trace1616901546'><pre>java.lang.IllegalArgumentException: [Transaction value should be &gt;= 0]
	at com.payulatam.samples.bank.service.impl.TransactionService.create(TransactionService.java:57)
	at com.payulatam.samples.bank.test.service.TransactionServiceTest.createInvalidNegativeValueTransaction(TransactionServiceTest.java:123)
	at sun.reflect.NativeMethodAccessorImpl.invoke0(Native Method)
	at sun.reflect.NativeMethodAccessorImpl.invoke(NativeMethodAccessorImpl.java:57)
	at sun.reflect.DelegatingMethodAccessorImpl.invoke(DelegatingMethodAccessorImpl.java:43)
	at java.lang.reflect.Method.invoke(Method.java:606)
	at org.testng.internal.MethodInvocationHelper.invokeMethod(MethodInvocationHelper.java:84)
	at org.testng.internal.MethodInvocationHelper$1.runTestMethod(MethodInvocationHelper.java:200)
	at org.springframework.test.context.testng.AbstractTestNGSpringContextTests.run(AbstractTestNGSpringContextTests.java:158)
	at sun.reflect.GeneratedMethodAccessor5.invoke(Unknown Source)
	at sun.reflect.DelegatingMethodAccessorImpl.invoke(DelegatingMethodAccessorImpl.java:43)
	at java.lang.reflect.Method.invoke(Method.java:606)
	at org.testng.internal.MethodInvocationHelper.invokeHookable(MethodInvocationHelper.java:212)
	at org.testng.internal.Invoker.invokeMethod(Invoker.java:707)
	at org.testng.internal.Invoker.invokeTestMethod(Invoker.java:901)
	at org.testng.internal.Invoker.invokeTestMethods(Invoker.java:1231)
	at org.testng.internal.TestMethodWorker.invokeTestMethods(TestMethodWorker.java:127)
	at org.testng.internal.TestMethodWorker.run(TestMethodWorker.java:111)
	at org.testng.TestRunner.privateRun(TestRunner.java:767)
	at org.testng.TestRunner.run(TestRunner.java:617)
	at org.testng.SuiteRunner.runTest(SuiteRunner.java:334)
	at org.testng.SuiteRunner.runSequentially(SuiteRunner.java:329)
	at org.testng.SuiteRunner.privateRun(SuiteRunner.java:291)
	at org.testng.SuiteRunner.run(SuiteRunner.java:240)
	at org.testng.SuiteRunnerWorker.runSuite(SuiteRunnerWorker.java:52)
	at org.testng.SuiteRunnerWorker.run(SuiteRunnerWorker.java:86)
	at org.testng.TestNG.runSuitesSequentially(TestNG.java:1224)
	at org.testng.TestNG.runSuitesLocally(TestNG.java:1149)
	at org.testng.TestNG.run(TestNG.java:1057)
	at org.testng.remote.RemoteTestNG.run(RemoteTestNG.java:111)
	at org.testng.remote.RemoteTestNG.initAndRun(RemoteTestNG.java:204)
	at org.testng.remote.RemoteTestNG.main(RemoteTestNG.java:175)
</pre></div></td>
<td>0</td>
<td>com.payulatam.samples.bank.test.service.TransactionServiceTest@4f106738</td></tr>
<tr>
<td title='com.payulatam.samples.bank.test.service.TransactionServiceTest.createInvalidNullTypeTransaction()'><b>createInvalidNullTypeTransaction</b><br>Test class: com.payulatam.samples.bank.test.service.TransactionServiceTest</td>
<td><div><pre>java.lang.IllegalArgumentException: [Transaction type can not be null]
	at com.payulatam.samples.bank.service.impl.TransactionService.create(TransactionService.java:57)
	at com.payulatam.samples.bank.test.service.TransactionServiceTest.createInvalidNullTypeTransaction(TransactionServiceTest.java:138)
	at org.springframework.test.context.testng.AbstractTestNGSpringContextTests.run(AbstractTestNGSpringContextTests.java:158)
... Removed 29 stack frames</pre></div><a href='#' onClick='toggleBox("stack-trace1721227288", this, "Click to show all stack frames", "Click to hide stack frames")'>Click to show all stack frames</a>
<div class='stack-trace' id='stack-trace1721227288'><pre>java.lang.IllegalArgumentException: [Transaction type can not be null]
	at com.payulatam.samples.bank.service.impl.TransactionService.create(TransactionService.java:57)
	at com.payulatam.samples.bank.test.service.TransactionServiceTest.createInvalidNullTypeTransaction(TransactionServiceTest.java:138)
	at sun.reflect.NativeMethodAccessorImpl.invoke0(Native Method)
	at sun.reflect.NativeMethodAccessorImpl.invoke(NativeMethodAccessorImpl.java:57)
	at sun.reflect.DelegatingMethodAccessorImpl.invoke(DelegatingMethodAccessorImpl.java:43)
	at java.lang.reflect.Method.invoke(Method.java:606)
	at org.testng.internal.MethodInvocationHelper.invokeMethod(MethodInvocationHelper.java:84)
	at org.testng.internal.MethodInvocationHelper$1.runTestMethod(MethodInvocationHelper.java:200)
	at org.springframework.test.context.testng.AbstractTestNGSpringContextTests.run(AbstractTestNGSpringContextTests.java:158)
	at sun.reflect.GeneratedMethodAccessor5.invoke(Unknown Source)
	at sun.reflect.DelegatingMethodAccessorImpl.invoke(DelegatingMethodAccessorImpl.java:43)
	at java.lang.reflect.Method.invoke(Method.java:606)
	at org.testng.internal.MethodInvocationHelper.invokeHookable(MethodInvocationHelper.java:212)
	at org.testng.internal.Invoker.invokeMethod(Invoker.java:707)
	at org.testng.internal.Invoker.invokeTestMethod(Invoker.java:901)
	at org.testng.internal.Invoker.invokeTestMethods(Invoker.java:1231)
	at org.testng.internal.TestMethodWorker.invokeTestMethods(TestMethodWorker.java:127)
	at org.testng.internal.TestMethodWorker.run(TestMethodWorker.java:111)
	at org.testng.TestRunner.privateRun(TestRunner.java:767)
	at org.testng.TestRunner.run(TestRunner.java:617)
	at org.testng.SuiteRunner.runTest(SuiteRunner.java:334)
	at org.testng.SuiteRunner.runSequentially(SuiteRunner.java:329)
	at org.testng.SuiteRunner.privateRun(SuiteRunner.java:291)
	at org.testng.SuiteRunner.run(SuiteRunner.java:240)
	at org.testng.SuiteRunnerWorker.runSuite(SuiteRunnerWorker.java:52)
	at org.testng.SuiteRunnerWorker.run(SuiteRunnerWorker.java:86)
	at org.testng.TestNG.runSuitesSequentially(TestNG.java:1224)
	at org.testng.TestNG.runSuitesLocally(TestNG.java:1149)
	at org.testng.TestNG.run(TestNG.java:1057)
	at org.testng.remote.RemoteTestNG.run(RemoteTestNG.java:111)
	at org.testng.remote.RemoteTestNG.initAndRun(RemoteTestNG.java:204)
	at org.testng.remote.RemoteTestNG.main(RemoteTestNG.java:175)
</pre></div></td>
<td>0</td>
<td>com.payulatam.samples.bank.test.service.TransactionServiceTest@4f106738</td></tr>
<tr>
<td title='com.payulatam.samples.bank.test.service.AccountServiceTest.createValidAccount()'><b>createValidAccount</b><br>Test class: com.payulatam.samples.bank.test.service.AccountServiceTest</td>
<td></td>
<td>0</td>
<td>com.payulatam.samples.bank.test.service.AccountServiceTest@437668f</td></tr>
<tr>
<td title='com.payulatam.samples.bank.test.service.ClientServiceTest.createValidClient()'><b>createValidClient</b><br>Test class: com.payulatam.samples.bank.test.service.ClientServiceTest</td>
<td></td>
<td>0</td>
<td>com.payulatam.samples.bank.test.service.ClientServiceTest@7c9415ea</td></tr>
<tr>
<td title='com.payulatam.samples.bank.test.service.UtilsTest.createValidateEmptyName()'><b>createValidateEmptyName</b><br>Test class: com.payulatam.samples.bank.test.service.UtilsTest</td>
<td></td>
<td>0</td>
<td>com.payulatam.samples.bank.test.service.UtilsTest@5a87ce27</td></tr>
<tr>
<td title='com.payulatam.samples.bank.test.service.UtilsTest.createValidateNameWithOutSpaces()'><b>createValidateNameWithOutSpaces</b><br>Test class: com.payulatam.samples.bank.test.service.UtilsTest</td>
<td></td>
<td>0</td>
<td>com.payulatam.samples.bank.test.service.UtilsTest@5a87ce27</td></tr>
<tr>
<td title='com.payulatam.samples.bank.test.service.UtilsTest.createValidateNameWithSpaces()'><b>createValidateNameWithSpaces</b><br>Test class: com.payulatam.samples.bank.test.service.UtilsTest</td>
<td></td>
<td>0</td>
<td>com.payulatam.samples.bank.test.service.UtilsTest@5a87ce27</td></tr>
<tr>
<td title='com.payulatam.samples.bank.test.service.AccountServiceTest.deleteAccountInvalidId()'><b>deleteAccountInvalidId</b><br>Test class: com.payulatam.samples.bank.test.service.AccountServiceTest</td>
<td><div><pre>java.util.NoSuchElementException: Account with Id &lt;nonExistentId&gt; does not exist
	at com.payulatam.samples.bank.service.impl.AccountService.delete(AccountService.java:56)
	at com.payulatam.samples.bank.test.service.AccountServiceTest.deleteAccountInvalidId(AccountServiceTest.java:93)
	at org.springframework.test.context.testng.AbstractTestNGSpringContextTests.run(AbstractTestNGSpringContextTests.java:158)
... Removed 30 stack frames</pre></div><a href='#' onClick='toggleBox("stack-trace896673759", this, "Click to show all stack frames", "Click to hide stack frames")'>Click to show all stack frames</a>
<div class='stack-trace' id='stack-trace896673759'><pre>java.util.NoSuchElementException: Account with Id &lt;nonExistentId&gt; does not exist
	at com.payulatam.samples.bank.service.impl.AccountService.delete(AccountService.java:56)
	at com.payulatam.samples.bank.test.service.AccountServiceTest.deleteAccountInvalidId(AccountServiceTest.java:93)
	at sun.reflect.NativeMethodAccessorImpl.invoke0(Native Method)
	at sun.reflect.NativeMethodAccessorImpl.invoke(NativeMethodAccessorImpl.java:57)
	at sun.reflect.DelegatingMethodAccessorImpl.invoke(DelegatingMethodAccessorImpl.java:43)
	at java.lang.reflect.Method.invoke(Method.java:606)
	at org.testng.internal.MethodInvocationHelper.invokeMethod(MethodInvocationHelper.java:84)
	at org.testng.internal.MethodInvocationHelper$1.runTestMethod(MethodInvocationHelper.java:200)
	at org.springframework.test.context.testng.AbstractTestNGSpringContextTests.run(AbstractTestNGSpringContextTests.java:158)
	at sun.reflect.NativeMethodAccessorImpl.invoke0(Native Method)
	at sun.reflect.NativeMethodAccessorImpl.invoke(NativeMethodAccessorImpl.java:57)
	at sun.reflect.DelegatingMethodAccessorImpl.invoke(DelegatingMethodAccessorImpl.java:43)
	at java.lang.reflect.Method.invoke(Method.java:606)
	at org.testng.internal.MethodInvocationHelper.invokeHookable(MethodInvocationHelper.java:212)
	at org.testng.internal.Invoker.invokeMethod(Invoker.java:707)
	at org.testng.internal.Invoker.invokeTestMethod(Invoker.java:901)
	at org.testng.internal.Invoker.invokeTestMethods(Invoker.java:1231)
	at org.testng.internal.TestMethodWorker.invokeTestMethods(TestMethodWorker.java:127)
	at org.testng.internal.TestMethodWorker.run(TestMethodWorker.java:111)
	at org.testng.TestRunner.privateRun(TestRunner.java:767)
	at org.testng.TestRunner.run(TestRunner.java:617)
	at org.testng.SuiteRunner.runTest(SuiteRunner.java:334)
	at org.testng.SuiteRunner.runSequentially(SuiteRunner.java:329)
	at org.testng.SuiteRunner.privateRun(SuiteRunner.java:291)
	at org.testng.SuiteRunner.run(SuiteRunner.java:240)
	at org.testng.SuiteRunnerWorker.runSuite(SuiteRunnerWorker.java:52)
	at org.testng.SuiteRunnerWorker.run(SuiteRunnerWorker.java:86)
	at org.testng.TestNG.runSuitesSequentially(TestNG.java:1224)
	at org.testng.TestNG.runSuitesLocally(TestNG.java:1149)
	at org.testng.TestNG.run(TestNG.java:1057)
	at org.testng.remote.RemoteTestNG.run(RemoteTestNG.java:111)
	at org.testng.remote.RemoteTestNG.initAndRun(RemoteTestNG.java:204)
	at org.testng.remote.RemoteTestNG.main(RemoteTestNG.java:175)
</pre></div></td>
<td>0</td>
<td>com.payulatam.samples.bank.test.service.AccountServiceTest@437668f</td></tr>
<tr>
<td title='com.payulatam.samples.bank.test.service.ClientServiceTest.deleteNonExistentClient()'><b>deleteNonExistentClient</b><br>Test class: com.payulatam.samples.bank.test.service.ClientServiceTest</td>
<td><div><pre>java.util.NoSuchElementException
	at com.payulatam.samples.bank.service.impl.ClientService.delete(ClientService.java:80)
	at com.payulatam.samples.bank.test.service.ClientServiceTest.deleteNonExistentClient(ClientServiceTest.java:78)
	at org.springframework.test.context.testng.AbstractTestNGSpringContextTests.run(AbstractTestNGSpringContextTests.java:158)
... Removed 30 stack frames</pre></div><a href='#' onClick='toggleBox("stack-trace712088447", this, "Click to show all stack frames", "Click to hide stack frames")'>Click to show all stack frames</a>
<div class='stack-trace' id='stack-trace712088447'><pre>java.util.NoSuchElementException
	at com.payulatam.samples.bank.service.impl.ClientService.delete(ClientService.java:80)
	at com.payulatam.samples.bank.test.service.ClientServiceTest.deleteNonExistentClient(ClientServiceTest.java:78)
	at sun.reflect.NativeMethodAccessorImpl.invoke0(Native Method)
	at sun.reflect.NativeMethodAccessorImpl.invoke(NativeMethodAccessorImpl.java:57)
	at sun.reflect.DelegatingMethodAccessorImpl.invoke(DelegatingMethodAccessorImpl.java:43)
	at java.lang.reflect.Method.invoke(Method.java:606)
	at org.testng.internal.MethodInvocationHelper.invokeMethod(MethodInvocationHelper.java:84)
	at org.testng.internal.MethodInvocationHelper$1.runTestMethod(MethodInvocationHelper.java:200)
	at org.springframework.test.context.testng.AbstractTestNGSpringContextTests.run(AbstractTestNGSpringContextTests.java:158)
	at sun.reflect.NativeMethodAccessorImpl.invoke0(Native Method)
	at sun.reflect.NativeMethodAccessorImpl.invoke(NativeMethodAccessorImpl.java:57)
	at sun.reflect.DelegatingMethodAccessorImpl.invoke(DelegatingMethodAccessorImpl.java:43)
	at java.lang.reflect.Method.invoke(Method.java:606)
	at org.testng.internal.MethodInvocationHelper.invokeHookable(MethodInvocationHelper.java:212)
	at org.testng.internal.Invoker.invokeMethod(Invoker.java:707)
	at org.testng.internal.Invoker.invokeTestMethod(Invoker.java:901)
	at org.testng.internal.Invoker.invokeTestMethods(Invoker.java:1231)
	at org.testng.internal.TestMethodWorker.invokeTestMethods(TestMethodWorker.java:127)
	at org.testng.internal.TestMethodWorker.run(TestMethodWorker.java:111)
	at org.testng.TestRunner.privateRun(TestRunner.java:767)
	at org.testng.TestRunner.run(TestRunner.java:617)
	at org.testng.SuiteRunner.runTest(SuiteRunner.java:334)
	at org.testng.SuiteRunner.runSequentially(SuiteRunner.java:329)
	at org.testng.SuiteRunner.privateRun(SuiteRunner.java:291)
	at org.testng.SuiteRunner.run(SuiteRunner.java:240)
	at org.testng.SuiteRunnerWorker.runSuite(SuiteRunnerWorker.java:52)
	at org.testng.SuiteRunnerWorker.run(SuiteRunnerWorker.java:86)
	at org.testng.TestNG.runSuitesSequentially(TestNG.java:1224)
	at org.testng.TestNG.runSuitesLocally(TestNG.java:1149)
	at org.testng.TestNG.run(TestNG.java:1057)
	at org.testng.remote.RemoteTestNG.run(RemoteTestNG.java:111)
	at org.testng.remote.RemoteTestNG.initAndRun(RemoteTestNG.java:204)
	at org.testng.remote.RemoteTestNG.main(RemoteTestNG.java:175)
</pre></div></td>
<td>0</td>
<td>com.payulatam.samples.bank.test.service.ClientServiceTest@7c9415ea</td></tr>
<tr>
<td title='com.payulatam.samples.bank.test.service.AccountServiceTest.deleteValidAccount()'><b>deleteValidAccount</b><br>Test class: com.payulatam.samples.bank.test.service.AccountServiceTest</td>
<td></td>
<td>0</td>
<td>com.payulatam.samples.bank.test.service.AccountServiceTest@437668f</td></tr>
<tr>
<td title='com.payulatam.samples.bank.test.service.AccountServiceTest.searchAcountById()'><b>searchAcountById</b><br>Test class: com.payulatam.samples.bank.test.service.AccountServiceTest</td>
<td></td>
<td>0</td>
<td>com.payulatam.samples.bank.test.service.AccountServiceTest@437668f</td></tr>
<tr>
<td title='com.payulatam.samples.bank.test.service.AccountServiceTest.searchAcountByNonExistentId()'><b>searchAcountByNonExistentId</b><br>Test class: com.payulatam.samples.bank.test.service.AccountServiceTest</td>
<td><div><pre>java.util.NoSuchElementException
	at com.payulatam.samples.bank.service.impl.AccountService.searchById(AccountService.java:72)
	at com.payulatam.samples.bank.test.service.AccountServiceTest.searchAcountByNonExistentId(AccountServiceTest.java:123)
	at org.springframework.test.context.testng.AbstractTestNGSpringContextTests.run(AbstractTestNGSpringContextTests.java:158)
... Removed 30 stack frames</pre></div><a href='#' onClick='toggleBox("stack-trace822396220", this, "Click to show all stack frames", "Click to hide stack frames")'>Click to show all stack frames</a>
<div class='stack-trace' id='stack-trace822396220'><pre>java.util.NoSuchElementException
	at com.payulatam.samples.bank.service.impl.AccountService.searchById(AccountService.java:72)
	at com.payulatam.samples.bank.test.service.AccountServiceTest.searchAcountByNonExistentId(AccountServiceTest.java:123)
	at sun.reflect.NativeMethodAccessorImpl.invoke0(Native Method)
	at sun.reflect.NativeMethodAccessorImpl.invoke(NativeMethodAccessorImpl.java:57)
	at sun.reflect.DelegatingMethodAccessorImpl.invoke(DelegatingMethodAccessorImpl.java:43)
	at java.lang.reflect.Method.invoke(Method.java:606)
	at org.testng.internal.MethodInvocationHelper.invokeMethod(MethodInvocationHelper.java:84)
	at org.testng.internal.MethodInvocationHelper$1.runTestMethod(MethodInvocationHelper.java:200)
	at org.springframework.test.context.testng.AbstractTestNGSpringContextTests.run(AbstractTestNGSpringContextTests.java:158)
	at sun.reflect.NativeMethodAccessorImpl.invoke0(Native Method)
	at sun.reflect.NativeMethodAccessorImpl.invoke(NativeMethodAccessorImpl.java:57)
	at sun.reflect.DelegatingMethodAccessorImpl.invoke(DelegatingMethodAccessorImpl.java:43)
	at java.lang.reflect.Method.invoke(Method.java:606)
	at org.testng.internal.MethodInvocationHelper.invokeHookable(MethodInvocationHelper.java:212)
	at org.testng.internal.Invoker.invokeMethod(Invoker.java:707)
	at org.testng.internal.Invoker.invokeTestMethod(Invoker.java:901)
	at org.testng.internal.Invoker.invokeTestMethods(Invoker.java:1231)
	at org.testng.internal.TestMethodWorker.invokeTestMethods(TestMethodWorker.java:127)
	at org.testng.internal.TestMethodWorker.run(TestMethodWorker.java:111)
	at org.testng.TestRunner.privateRun(TestRunner.java:767)
	at org.testng.TestRunner.run(TestRunner.java:617)
	at org.testng.SuiteRunner.runTest(SuiteRunner.java:334)
	at org.testng.SuiteRunner.runSequentially(SuiteRunner.java:329)
	at org.testng.SuiteRunner.privateRun(SuiteRunner.java:291)
	at org.testng.SuiteRunner.run(SuiteRunner.java:240)
	at org.testng.SuiteRunnerWorker.runSuite(SuiteRunnerWorker.java:52)
	at org.testng.SuiteRunnerWorker.run(SuiteRunnerWorker.java:86)
	at org.testng.TestNG.runSuitesSequentially(TestNG.java:1224)
	at org.testng.TestNG.runSuitesLocally(TestNG.java:1149)
	at org.testng.TestNG.run(TestNG.java:1057)
	at org.testng.remote.RemoteTestNG.run(RemoteTestNG.java:111)
	at org.testng.remote.RemoteTestNG.initAndRun(RemoteTestNG.java:204)
	at org.testng.remote.RemoteTestNG.main(RemoteTestNG.java:175)
</pre></div></td>
<td>0</td>
<td>com.payulatam.samples.bank.test.service.AccountServiceTest@437668f</td></tr>
<tr>
<td title='com.payulatam.samples.bank.test.service.AccountServiceTest.searchAcountsByClientId()'><b>searchAcountsByClientId</b><br>Test class: com.payulatam.samples.bank.test.service.AccountServiceTest</td>
<td></td>
<td>0</td>
<td>com.payulatam.samples.bank.test.service.AccountServiceTest@437668f</td></tr>
<tr>
<td title='com.payulatam.samples.bank.test.service.AccountServiceTest.searchAcountsByNonExistentClientId()'><b>searchAcountsByNonExistentClientId</b><br>Test class: com.payulatam.samples.bank.test.service.AccountServiceTest</td>
<td><div><pre>java.util.NoSuchElementException
	at com.payulatam.samples.bank.service.impl.AccountService.searchAccountsByClientId(AccountService.java:84)
	at com.payulatam.samples.bank.test.service.AccountServiceTest.searchAcountsByNonExistentClientId(AccountServiceTest.java:152)
	at org.springframework.test.context.testng.AbstractTestNGSpringContextTests.run(AbstractTestNGSpringContextTests.java:158)
... Removed 30 stack frames</pre></div><a href='#' onClick='toggleBox("stack-trace1515842997", this, "Click to show all stack frames", "Click to hide stack frames")'>Click to show all stack frames</a>
<div class='stack-trace' id='stack-trace1515842997'><pre>java.util.NoSuchElementException
	at com.payulatam.samples.bank.service.impl.AccountService.searchAccountsByClientId(AccountService.java:84)
	at com.payulatam.samples.bank.test.service.AccountServiceTest.searchAcountsByNonExistentClientId(AccountServiceTest.java:152)
	at sun.reflect.NativeMethodAccessorImpl.invoke0(Native Method)
	at sun.reflect.NativeMethodAccessorImpl.invoke(NativeMethodAccessorImpl.java:57)
	at sun.reflect.DelegatingMethodAccessorImpl.invoke(DelegatingMethodAccessorImpl.java:43)
	at java.lang.reflect.Method.invoke(Method.java:606)
	at org.testng.internal.MethodInvocationHelper.invokeMethod(MethodInvocationHelper.java:84)
	at org.testng.internal.MethodInvocationHelper$1.runTestMethod(MethodInvocationHelper.java:200)
	at org.springframework.test.context.testng.AbstractTestNGSpringContextTests.run(AbstractTestNGSpringContextTests.java:158)
	at sun.reflect.NativeMethodAccessorImpl.invoke0(Native Method)
	at sun.reflect.NativeMethodAccessorImpl.invoke(NativeMethodAccessorImpl.java:57)
	at sun.reflect.DelegatingMethodAccessorImpl.invoke(DelegatingMethodAccessorImpl.java:43)
	at java.lang.reflect.Method.invoke(Method.java:606)
	at org.testng.internal.MethodInvocationHelper.invokeHookable(MethodInvocationHelper.java:212)
	at org.testng.internal.Invoker.invokeMethod(Invoker.java:707)
	at org.testng.internal.Invoker.invokeTestMethod(Invoker.java:901)
	at org.testng.internal.Invoker.invokeTestMethods(Invoker.java:1231)
	at org.testng.internal.TestMethodWorker.invokeTestMethods(TestMethodWorker.java:127)
	at org.testng.internal.TestMethodWorker.run(TestMethodWorker.java:111)
	at org.testng.TestRunner.privateRun(TestRunner.java:767)
	at org.testng.TestRunner.run(TestRunner.java:617)
	at org.testng.SuiteRunner.runTest(SuiteRunner.java:334)
	at org.testng.SuiteRunner.runSequentially(SuiteRunner.java:329)
	at org.testng.SuiteRunner.privateRun(SuiteRunner.java:291)
	at org.testng.SuiteRunner.run(SuiteRunner.java:240)
	at org.testng.SuiteRunnerWorker.runSuite(SuiteRunnerWorker.java:52)
	at org.testng.SuiteRunnerWorker.run(SuiteRunnerWorker.java:86)
	at org.testng.TestNG.runSuitesSequentially(TestNG.java:1224)
	at org.testng.TestNG.runSuitesLocally(TestNG.java:1149)
	at org.testng.TestNG.run(TestNG.java:1057)
	at org.testng.remote.RemoteTestNG.run(RemoteTestNG.java:111)
	at org.testng.remote.RemoteTestNG.initAndRun(RemoteTestNG.java:204)
	at org.testng.remote.RemoteTestNG.main(RemoteTestNG.java:175)
</pre></div></td>
<td>0</td>
<td>com.payulatam.samples.bank.test.service.AccountServiceTest@437668f</td></tr>
<tr>
<td title='com.payulatam.samples.bank.test.service.TransactionServiceTest.searchByAccountId()'><b>searchByAccountId</b><br>Test class: com.payulatam.samples.bank.test.service.TransactionServiceTest</td>
<td></td>
<td>0</td>
<td>com.payulatam.samples.bank.test.service.TransactionServiceTest@4f106738</td></tr>
<tr>
<td title='com.payulatam.samples.bank.test.service.TransactionServiceTest.searchByClientId()'><b>searchByClientId</b><br>Test class: com.payulatam.samples.bank.test.service.TransactionServiceTest</td>
<td></td>
<td>0</td>
<td>com.payulatam.samples.bank.test.service.TransactionServiceTest@4f106738</td></tr>
<tr>
<td title='com.payulatam.samples.bank.test.service.TransactionServiceTest.searchByDateBetweenAndAccount()'><b>searchByDateBetweenAndAccount</b><br>Test class: com.payulatam.samples.bank.test.service.TransactionServiceTest</td>
<td></td>
<td>0</td>
<td>com.payulatam.samples.bank.test.service.TransactionServiceTest@4f106738</td></tr>
<tr>
<td title='com.payulatam.samples.bank.test.service.TransactionServiceTest.searchByDateBetweenAndClient()'><b>searchByDateBetweenAndClient</b><br>Test class: com.payulatam.samples.bank.test.service.TransactionServiceTest</td>
<td></td>
<td>0</td>
<td>com.payulatam.samples.bank.test.service.TransactionServiceTest@4f106738</td></tr>
<tr>
<td title='com.payulatam.samples.bank.test.service.TransactionServiceTest.searchByDateBetweenAndNonExistentAccount()'><b>searchByDateBetweenAndNonExistentAccount</b><br>Test class: com.payulatam.samples.bank.test.service.TransactionServiceTest</td>
<td><div><pre>java.util.NoSuchElementException: Non existent account
	at com.payulatam.samples.bank.service.impl.TransactionService.searchByDateBetweenAndAccount(TransactionService.java:151)
	at com.payulatam.samples.bank.test.service.TransactionServiceTest.searchByDateBetweenAndNonExistentAccount(TransactionServiceTest.java:279)
	at org.springframework.test.context.testng.AbstractTestNGSpringContextTests.run(AbstractTestNGSpringContextTests.java:158)
... Removed 29 stack frames</pre></div><a href='#' onClick='toggleBox("stack-trace2023292010", this, "Click to show all stack frames", "Click to hide stack frames")'>Click to show all stack frames</a>
<div class='stack-trace' id='stack-trace2023292010'><pre>java.util.NoSuchElementException: Non existent account
	at com.payulatam.samples.bank.service.impl.TransactionService.searchByDateBetweenAndAccount(TransactionService.java:151)
	at com.payulatam.samples.bank.test.service.TransactionServiceTest.searchByDateBetweenAndNonExistentAccount(TransactionServiceTest.java:279)
	at sun.reflect.NativeMethodAccessorImpl.invoke0(Native Method)
	at sun.reflect.NativeMethodAccessorImpl.invoke(NativeMethodAccessorImpl.java:57)
	at sun.reflect.DelegatingMethodAccessorImpl.invoke(DelegatingMethodAccessorImpl.java:43)
	at java.lang.reflect.Method.invoke(Method.java:606)
	at org.testng.internal.MethodInvocationHelper.invokeMethod(MethodInvocationHelper.java:84)
	at org.testng.internal.MethodInvocationHelper$1.runTestMethod(MethodInvocationHelper.java:200)
	at org.springframework.test.context.testng.AbstractTestNGSpringContextTests.run(AbstractTestNGSpringContextTests.java:158)
	at sun.reflect.GeneratedMethodAccessor5.invoke(Unknown Source)
	at sun.reflect.DelegatingMethodAccessorImpl.invoke(DelegatingMethodAccessorImpl.java:43)
	at java.lang.reflect.Method.invoke(Method.java:606)
	at org.testng.internal.MethodInvocationHelper.invokeHookable(MethodInvocationHelper.java:212)
	at org.testng.internal.Invoker.invokeMethod(Invoker.java:707)
	at org.testng.internal.Invoker.invokeTestMethod(Invoker.java:901)
	at org.testng.internal.Invoker.invokeTestMethods(Invoker.java:1231)
	at org.testng.internal.TestMethodWorker.invokeTestMethods(TestMethodWorker.java:127)
	at org.testng.internal.TestMethodWorker.run(TestMethodWorker.java:111)
	at org.testng.TestRunner.privateRun(TestRunner.java:767)
	at org.testng.TestRunner.run(TestRunner.java:617)
	at org.testng.SuiteRunner.runTest(SuiteRunner.java:334)
	at org.testng.SuiteRunner.runSequentially(SuiteRunner.java:329)
	at org.testng.SuiteRunner.privateRun(SuiteRunner.java:291)
	at org.testng.SuiteRunner.run(SuiteRunner.java:240)
	at org.testng.SuiteRunnerWorker.runSuite(SuiteRunnerWorker.java:52)
	at org.testng.SuiteRunnerWorker.run(SuiteRunnerWorker.java:86)
	at org.testng.TestNG.runSuitesSequentially(TestNG.java:1224)
	at org.testng.TestNG.runSuitesLocally(TestNG.java:1149)
	at org.testng.TestNG.run(TestNG.java:1057)
	at org.testng.remote.RemoteTestNG.run(RemoteTestNG.java:111)
	at org.testng.remote.RemoteTestNG.initAndRun(RemoteTestNG.java:204)
	at org.testng.remote.RemoteTestNG.main(RemoteTestNG.java:175)
</pre></div></td>
<td>0</td>
<td>com.payulatam.samples.bank.test.service.TransactionServiceTest@4f106738</td></tr>
<tr>
<td title='com.payulatam.samples.bank.test.service.ClientServiceTest.searchById()'><b>searchById</b><br>Test class: com.payulatam.samples.bank.test.service.ClientServiceTest</td>
<td></td>
<td>0</td>
<td>com.payulatam.samples.bank.test.service.ClientServiceTest@7c9415ea</td></tr>
<tr>
<td title='com.payulatam.samples.bank.test.service.TransactionServiceTest.searchByIllegalDateRangeAndAccount()'><b>searchByIllegalDateRangeAndAccount</b><br>Test class: com.payulatam.samples.bank.test.service.TransactionServiceTest</td>
<td><div><pre>java.lang.IllegalArgumentException: startDate should be before endDate
	at com.payulatam.samples.bank.service.impl.TransactionService.searchByDateBetweenAndAccount(TransactionService.java:154)
	at com.payulatam.samples.bank.test.service.TransactionServiceTest.searchByIllegalDateRangeAndAccount(TransactionServiceTest.java:296)
	at org.springframework.test.context.testng.AbstractTestNGSpringContextTests.run(AbstractTestNGSpringContextTests.java:158)
... Removed 29 stack frames</pre></div><a href='#' onClick='toggleBox("stack-trace807526305", this, "Click to show all stack frames", "Click to hide stack frames")'>Click to show all stack frames</a>
<div class='stack-trace' id='stack-trace807526305'><pre>java.lang.IllegalArgumentException: startDate should be before endDate
	at com.payulatam.samples.bank.service.impl.TransactionService.searchByDateBetweenAndAccount(TransactionService.java:154)
	at com.payulatam.samples.bank.test.service.TransactionServiceTest.searchByIllegalDateRangeAndAccount(TransactionServiceTest.java:296)
	at sun.reflect.NativeMethodAccessorImpl.invoke0(Native Method)
	at sun.reflect.NativeMethodAccessorImpl.invoke(NativeMethodAccessorImpl.java:57)
	at sun.reflect.DelegatingMethodAccessorImpl.invoke(DelegatingMethodAccessorImpl.java:43)
	at java.lang.reflect.Method.invoke(Method.java:606)
	at org.testng.internal.MethodInvocationHelper.invokeMethod(MethodInvocationHelper.java:84)
	at org.testng.internal.MethodInvocationHelper$1.runTestMethod(MethodInvocationHelper.java:200)
	at org.springframework.test.context.testng.AbstractTestNGSpringContextTests.run(AbstractTestNGSpringContextTests.java:158)
	at sun.reflect.GeneratedMethodAccessor5.invoke(Unknown Source)
	at sun.reflect.DelegatingMethodAccessorImpl.invoke(DelegatingMethodAccessorImpl.java:43)
	at java.lang.reflect.Method.invoke(Method.java:606)
	at org.testng.internal.MethodInvocationHelper.invokeHookable(MethodInvocationHelper.java:212)
	at org.testng.internal.Invoker.invokeMethod(Invoker.java:707)
	at org.testng.internal.Invoker.invokeTestMethod(Invoker.java:901)
	at org.testng.internal.Invoker.invokeTestMethods(Invoker.java:1231)
	at org.testng.internal.TestMethodWorker.invokeTestMethods(TestMethodWorker.java:127)
	at org.testng.internal.TestMethodWorker.run(TestMethodWorker.java:111)
	at org.testng.TestRunner.privateRun(TestRunner.java:767)
	at org.testng.TestRunner.run(TestRunner.java:617)
	at org.testng.SuiteRunner.runTest(SuiteRunner.java:334)
	at org.testng.SuiteRunner.runSequentially(SuiteRunner.java:329)
	at org.testng.SuiteRunner.privateRun(SuiteRunner.java:291)
	at org.testng.SuiteRunner.run(SuiteRunner.java:240)
	at org.testng.SuiteRunnerWorker.runSuite(SuiteRunnerWorker.java:52)
	at org.testng.SuiteRunnerWorker.run(SuiteRunnerWorker.java:86)
	at org.testng.TestNG.runSuitesSequentially(TestNG.java:1224)
	at org.testng.TestNG.runSuitesLocally(TestNG.java:1149)
	at org.testng.TestNG.run(TestNG.java:1057)
	at org.testng.remote.RemoteTestNG.run(RemoteTestNG.java:111)
	at org.testng.remote.RemoteTestNG.initAndRun(RemoteTestNG.java:204)
	at org.testng.remote.RemoteTestNG.main(RemoteTestNG.java:175)
</pre></div></td>
<td>0</td>
<td>com.payulatam.samples.bank.test.service.TransactionServiceTest@4f106738</td></tr>
<tr>
<td title='com.payulatam.samples.bank.test.service.TransactionServiceTest.searchByIllegalDateRangeAndClient()'><b>searchByIllegalDateRangeAndClient</b><br>Test class: com.payulatam.samples.bank.test.service.TransactionServiceTest</td>
<td><div><pre>java.lang.IllegalArgumentException: startDate should be before endDate
	at com.payulatam.samples.bank.service.impl.TransactionService.searchByDateBetweenAndAccount(TransactionService.java:154)
	at com.payulatam.samples.bank.test.service.TransactionServiceTest.searchByIllegalDateRangeAndClient(TransactionServiceTest.java:368)
	at org.springframework.test.context.testng.AbstractTestNGSpringContextTests.run(AbstractTestNGSpringContextTests.java:158)
... Removed 29 stack frames</pre></div><a href='#' onClick='toggleBox("stack-trace1136372435", this, "Click to show all stack frames", "Click to hide stack frames")'>Click to show all stack frames</a>
<div class='stack-trace' id='stack-trace1136372435'><pre>java.lang.IllegalArgumentException: startDate should be before endDate
	at com.payulatam.samples.bank.service.impl.TransactionService.searchByDateBetweenAndAccount(TransactionService.java:154)
	at com.payulatam.samples.bank.test.service.TransactionServiceTest.searchByIllegalDateRangeAndClient(TransactionServiceTest.java:368)
	at sun.reflect.NativeMethodAccessorImpl.invoke0(Native Method)
	at sun.reflect.NativeMethodAccessorImpl.invoke(NativeMethodAccessorImpl.java:57)
	at sun.reflect.DelegatingMethodAccessorImpl.invoke(DelegatingMethodAccessorImpl.java:43)
	at java.lang.reflect.Method.invoke(Method.java:606)
	at org.testng.internal.MethodInvocationHelper.invokeMethod(MethodInvocationHelper.java:84)
	at org.testng.internal.MethodInvocationHelper$1.runTestMethod(MethodInvocationHelper.java:200)
	at org.springframework.test.context.testng.AbstractTestNGSpringContextTests.run(AbstractTestNGSpringContextTests.java:158)
	at sun.reflect.GeneratedMethodAccessor5.invoke(Unknown Source)
	at sun.reflect.DelegatingMethodAccessorImpl.invoke(DelegatingMethodAccessorImpl.java:43)
	at java.lang.reflect.Method.invoke(Method.java:606)
	at org.testng.internal.MethodInvocationHelper.invokeHookable(MethodInvocationHelper.java:212)
	at org.testng.internal.Invoker.invokeMethod(Invoker.java:707)
	at org.testng.internal.Invoker.invokeTestMethod(Invoker.java:901)
	at org.testng.internal.Invoker.invokeTestMethods(Invoker.java:1231)
	at org.testng.internal.TestMethodWorker.invokeTestMethods(TestMethodWorker.java:127)
	at org.testng.internal.TestMethodWorker.run(TestMethodWorker.java:111)
	at org.testng.TestRunner.privateRun(TestRunner.java:767)
	at org.testng.TestRunner.run(TestRunner.java:617)
	at org.testng.SuiteRunner.runTest(SuiteRunner.java:334)
	at org.testng.SuiteRunner.runSequentially(SuiteRunner.java:329)
	at org.testng.SuiteRunner.privateRun(SuiteRunner.java:291)
	at org.testng.SuiteRunner.run(SuiteRunner.java:240)
	at org.testng.SuiteRunnerWorker.runSuite(SuiteRunnerWorker.java:52)
	at org.testng.SuiteRunnerWorker.run(SuiteRunnerWorker.java:86)
	at org.testng.TestNG.runSuitesSequentially(TestNG.java:1224)
	at org.testng.TestNG.runSuitesLocally(TestNG.java:1149)
	at org.testng.TestNG.run(TestNG.java:1057)
	at org.testng.remote.RemoteTestNG.run(RemoteTestNG.java:111)
	at org.testng.remote.RemoteTestNG.initAndRun(RemoteTestNG.java:204)
	at org.testng.remote.RemoteTestNG.main(RemoteTestNG.java:175)
</pre></div></td>
<td>0</td>
<td>com.payulatam.samples.bank.test.service.TransactionServiceTest@4f106738</td></tr>
<tr>
<td title='com.payulatam.samples.bank.test.service.TransactionServiceTest.searchByNonExistentAccountId()'><b>searchByNonExistentAccountId</b><br>Test class: com.payulatam.samples.bank.test.service.TransactionServiceTest</td>
<td><div><pre>java.util.NoSuchElementException
	at com.payulatam.samples.bank.service.impl.TransactionService.searchByAccountId(TransactionService.java:114)
	at com.payulatam.samples.bank.test.service.TransactionServiceTest.searchByNonExistentAccountId(TransactionServiceTest.java:197)
	at org.springframework.test.context.testng.AbstractTestNGSpringContextTests.run(AbstractTestNGSpringContextTests.java:158)
... Removed 29 stack frames</pre></div><a href='#' onClick='toggleBox("stack-trace1637083909", this, "Click to show all stack frames", "Click to hide stack frames")'>Click to show all stack frames</a>
<div class='stack-trace' id='stack-trace1637083909'><pre>java.util.NoSuchElementException
	at com.payulatam.samples.bank.service.impl.TransactionService.searchByAccountId(TransactionService.java:114)
	at com.payulatam.samples.bank.test.service.TransactionServiceTest.searchByNonExistentAccountId(TransactionServiceTest.java:197)
	at sun.reflect.NativeMethodAccessorImpl.invoke0(Native Method)
	at sun.reflect.NativeMethodAccessorImpl.invoke(NativeMethodAccessorImpl.java:57)
	at sun.reflect.DelegatingMethodAccessorImpl.invoke(DelegatingMethodAccessorImpl.java:43)
	at java.lang.reflect.Method.invoke(Method.java:606)
	at org.testng.internal.MethodInvocationHelper.invokeMethod(MethodInvocationHelper.java:84)
	at org.testng.internal.MethodInvocationHelper$1.runTestMethod(MethodInvocationHelper.java:200)
	at org.springframework.test.context.testng.AbstractTestNGSpringContextTests.run(AbstractTestNGSpringContextTests.java:158)
	at sun.reflect.GeneratedMethodAccessor5.invoke(Unknown Source)
	at sun.reflect.DelegatingMethodAccessorImpl.invoke(DelegatingMethodAccessorImpl.java:43)
	at java.lang.reflect.Method.invoke(Method.java:606)
	at org.testng.internal.MethodInvocationHelper.invokeHookable(MethodInvocationHelper.java:212)
	at org.testng.internal.Invoker.invokeMethod(Invoker.java:707)
	at org.testng.internal.Invoker.invokeTestMethod(Invoker.java:901)
	at org.testng.internal.Invoker.invokeTestMethods(Invoker.java:1231)
	at org.testng.internal.TestMethodWorker.invokeTestMethods(TestMethodWorker.java:127)
	at org.testng.internal.TestMethodWorker.run(TestMethodWorker.java:111)
	at org.testng.TestRunner.privateRun(TestRunner.java:767)
	at org.testng.TestRunner.run(TestRunner.java:617)
	at org.testng.SuiteRunner.runTest(SuiteRunner.java:334)
	at org.testng.SuiteRunner.runSequentially(SuiteRunner.java:329)
	at org.testng.SuiteRunner.privateRun(SuiteRunner.java:291)
	at org.testng.SuiteRunner.run(SuiteRunner.java:240)
	at org.testng.SuiteRunnerWorker.runSuite(SuiteRunnerWorker.java:52)
	at org.testng.SuiteRunnerWorker.run(SuiteRunnerWorker.java:86)
	at org.testng.TestNG.runSuitesSequentially(TestNG.java:1224)
	at org.testng.TestNG.runSuitesLocally(TestNG.java:1149)
	at org.testng.TestNG.run(TestNG.java:1057)
	at org.testng.remote.RemoteTestNG.run(RemoteTestNG.java:111)
	at org.testng.remote.RemoteTestNG.initAndRun(RemoteTestNG.java:204)
	at org.testng.remote.RemoteTestNG.main(RemoteTestNG.java:175)
</pre></div></td>
<td>0</td>
<td>com.payulatam.samples.bank.test.service.TransactionServiceTest@4f106738</td></tr>
<tr>
<td title='com.payulatam.samples.bank.test.service.TransactionServiceTest.searchByNonExistentCientId()'><b>searchByNonExistentCientId</b><br>Test class: com.payulatam.samples.bank.test.service.TransactionServiceTest</td>
<td><div><pre>java.util.NoSuchElementException
	at com.payulatam.samples.bank.service.impl.AccountService.searchAccountsByClientId(AccountService.java:84)
	at com.payulatam.samples.bank.service.impl.TransactionService.searchByClientId(TransactionService.java:131)
	at com.payulatam.samples.bank.test.service.TransactionServiceTest.searchByNonExistentCientId(TransactionServiceTest.java:241)
	at org.springframework.test.context.testng.AbstractTestNGSpringContextTests.run(AbstractTestNGSpringContextTests.java:158)
... Removed 29 stack frames</pre></div><a href='#' onClick='toggleBox("stack-trace122770169", this, "Click to show all stack frames", "Click to hide stack frames")'>Click to show all stack frames</a>
<div class='stack-trace' id='stack-trace122770169'><pre>java.util.NoSuchElementException
	at com.payulatam.samples.bank.service.impl.AccountService.searchAccountsByClientId(AccountService.java:84)
	at com.payulatam.samples.bank.service.impl.TransactionService.searchByClientId(TransactionService.java:131)
	at com.payulatam.samples.bank.test.service.TransactionServiceTest.searchByNonExistentCientId(TransactionServiceTest.java:241)
	at sun.reflect.NativeMethodAccessorImpl.invoke0(Native Method)
	at sun.reflect.NativeMethodAccessorImpl.invoke(NativeMethodAccessorImpl.java:57)
	at sun.reflect.DelegatingMethodAccessorImpl.invoke(DelegatingMethodAccessorImpl.java:43)
	at java.lang.reflect.Method.invoke(Method.java:606)
	at org.testng.internal.MethodInvocationHelper.invokeMethod(MethodInvocationHelper.java:84)
	at org.testng.internal.MethodInvocationHelper$1.runTestMethod(MethodInvocationHelper.java:200)
	at org.springframework.test.context.testng.AbstractTestNGSpringContextTests.run(AbstractTestNGSpringContextTests.java:158)
	at sun.reflect.GeneratedMethodAccessor5.invoke(Unknown Source)
	at sun.reflect.DelegatingMethodAccessorImpl.invoke(DelegatingMethodAccessorImpl.java:43)
	at java.lang.reflect.Method.invoke(Method.java:606)
	at org.testng.internal.MethodInvocationHelper.invokeHookable(MethodInvocationHelper.java:212)
	at org.testng.internal.Invoker.invokeMethod(Invoker.java:707)
	at org.testng.internal.Invoker.invokeTestMethod(Invoker.java:901)
	at org.testng.internal.Invoker.invokeTestMethods(Invoker.java:1231)
	at org.testng.internal.TestMethodWorker.invokeTestMethods(TestMethodWorker.java:127)
	at org.testng.internal.TestMethodWorker.run(TestMethodWorker.java:111)
	at org.testng.TestRunner.privateRun(TestRunner.java:767)
	at org.testng.TestRunner.run(TestRunner.java:617)
	at org.testng.SuiteRunner.runTest(SuiteRunner.java:334)
	at org.testng.SuiteRunner.runSequentially(SuiteRunner.java:329)
	at org.testng.SuiteRunner.privateRun(SuiteRunner.java:291)
	at org.testng.SuiteRunner.run(SuiteRunner.java:240)
	at org.testng.SuiteRunnerWorker.runSuite(SuiteRunnerWorker.java:52)
	at org.testng.SuiteRunnerWorker.run(SuiteRunnerWorker.java:86)
	at org.testng.TestNG.runSuitesSequentially(TestNG.java:1224)
	at org.testng.TestNG.runSuitesLocally(TestNG.java:1149)
	at org.testng.TestNG.run(TestNG.java:1057)
	at org.testng.remote.RemoteTestNG.run(RemoteTestNG.java:111)
	at org.testng.remote.RemoteTestNG.initAndRun(RemoteTestNG.java:204)
	at org.testng.remote.RemoteTestNG.main(RemoteTestNG.java:175)
</pre></div></td>
<td>0</td>
<td>com.payulatam.samples.bank.test.service.TransactionServiceTest@4f106738</td></tr>
<tr>
<td title='com.payulatam.samples.bank.test.service.ClientServiceTest.searchByNonExistentId()'><b>searchByNonExistentId</b><br>Test class: com.payulatam.samples.bank.test.service.ClientServiceTest</td>
<td><div><pre>java.util.NoSuchElementException
	at com.payulatam.samples.bank.service.impl.ClientService.searchById(ClientService.java:99)
	at com.payulatam.samples.bank.test.service.ClientServiceTest.searchByNonExistentId(ClientServiceTest.java:102)
	at org.springframework.test.context.testng.AbstractTestNGSpringContextTests.run(AbstractTestNGSpringContextTests.java:158)
... Removed 30 stack frames</pre></div><a href='#' onClick='toggleBox("stack-trace1208729713", this, "Click to show all stack frames", "Click to hide stack frames")'>Click to show all stack frames</a>
<div class='stack-trace' id='stack-trace1208729713'><pre>java.util.NoSuchElementException
	at com.payulatam.samples.bank.service.impl.ClientService.searchById(ClientService.java:99)
	at com.payulatam.samples.bank.test.service.ClientServiceTest.searchByNonExistentId(ClientServiceTest.java:102)
	at sun.reflect.NativeMethodAccessorImpl.invoke0(Native Method)
	at sun.reflect.NativeMethodAccessorImpl.invoke(NativeMethodAccessorImpl.java:57)
	at sun.reflect.DelegatingMethodAccessorImpl.invoke(DelegatingMethodAccessorImpl.java:43)
	at java.lang.reflect.Method.invoke(Method.java:606)
	at org.testng.internal.MethodInvocationHelper.invokeMethod(MethodInvocationHelper.java:84)
	at org.testng.internal.MethodInvocationHelper$1.runTestMethod(MethodInvocationHelper.java:200)
	at org.springframework.test.context.testng.AbstractTestNGSpringContextTests.run(AbstractTestNGSpringContextTests.java:158)
	at sun.reflect.NativeMethodAccessorImpl.invoke0(Native Method)
	at sun.reflect.NativeMethodAccessorImpl.invoke(NativeMethodAccessorImpl.java:57)
	at sun.reflect.DelegatingMethodAccessorImpl.invoke(DelegatingMethodAccessorImpl.java:43)
	at java.lang.reflect.Method.invoke(Method.java:606)
	at org.testng.internal.MethodInvocationHelper.invokeHookable(MethodInvocationHelper.java:212)
	at org.testng.internal.Invoker.invokeMethod(Invoker.java:707)
	at org.testng.internal.Invoker.invokeTestMethod(Invoker.java:901)
	at org.testng.internal.Invoker.invokeTestMethods(Invoker.java:1231)
	at org.testng.internal.TestMethodWorker.invokeTestMethods(TestMethodWorker.java:127)
	at org.testng.internal.TestMethodWorker.run(TestMethodWorker.java:111)
	at org.testng.TestRunner.privateRun(TestRunner.java:767)
	at org.testng.TestRunner.run(TestRunner.java:617)
	at org.testng.SuiteRunner.runTest(SuiteRunner.java:334)
	at org.testng.SuiteRunner.runSequentially(SuiteRunner.java:329)
	at org.testng.SuiteRunner.privateRun(SuiteRunner.java:291)
	at org.testng.SuiteRunner.run(SuiteRunner.java:240)
	at org.testng.SuiteRunnerWorker.runSuite(SuiteRunnerWorker.java:52)
	at org.testng.SuiteRunnerWorker.run(SuiteRunnerWorker.java:86)
	at org.testng.TestNG.runSuitesSequentially(TestNG.java:1224)
	at org.testng.TestNG.runSuitesLocally(TestNG.java:1149)
	at org.testng.TestNG.run(TestNG.java:1057)
	at org.testng.remote.RemoteTestNG.run(RemoteTestNG.java:111)
	at org.testng.remote.RemoteTestNG.initAndRun(RemoteTestNG.java:204)
	at org.testng.remote.RemoteTestNG.main(RemoteTestNG.java:175)
</pre></div></td>
<td>0</td>
<td>com.payulatam.samples.bank.test.service.ClientServiceTest@7c9415ea</td></tr>
<tr>
<td title='com.payulatam.samples.bank.test.service.TransactionServiceTest.searchByNonExistentNumber()'><b>searchByNonExistentNumber</b><br>Test class: com.payulatam.samples.bank.test.service.TransactionServiceTest</td>
<td><div><pre>java.util.NoSuchElementException
	at com.payulatam.samples.bank.service.impl.TransactionService.searchByNumber(TransactionService.java:98)
	at com.payulatam.samples.bank.test.service.TransactionServiceTest.searchByNonExistentNumber(TransactionServiceTest.java:165)
	at org.springframework.test.context.testng.AbstractTestNGSpringContextTests.run(AbstractTestNGSpringContextTests.java:158)
... Removed 29 stack frames</pre></div><a href='#' onClick='toggleBox("stack-trace2094566663", this, "Click to show all stack frames", "Click to hide stack frames")'>Click to show all stack frames</a>
<div class='stack-trace' id='stack-trace2094566663'><pre>java.util.NoSuchElementException
	at com.payulatam.samples.bank.service.impl.TransactionService.searchByNumber(TransactionService.java:98)
	at com.payulatam.samples.bank.test.service.TransactionServiceTest.searchByNonExistentNumber(TransactionServiceTest.java:165)
	at sun.reflect.NativeMethodAccessorImpl.invoke0(Native Method)
	at sun.reflect.NativeMethodAccessorImpl.invoke(NativeMethodAccessorImpl.java:57)
	at sun.reflect.DelegatingMethodAccessorImpl.invoke(DelegatingMethodAccessorImpl.java:43)
	at java.lang.reflect.Method.invoke(Method.java:606)
	at org.testng.internal.MethodInvocationHelper.invokeMethod(MethodInvocationHelper.java:84)
	at org.testng.internal.MethodInvocationHelper$1.runTestMethod(MethodInvocationHelper.java:200)
	at org.springframework.test.context.testng.AbstractTestNGSpringContextTests.run(AbstractTestNGSpringContextTests.java:158)
	at sun.reflect.GeneratedMethodAccessor5.invoke(Unknown Source)
	at sun.reflect.DelegatingMethodAccessorImpl.invoke(DelegatingMethodAccessorImpl.java:43)
	at java.lang.reflect.Method.invoke(Method.java:606)
	at org.testng.internal.MethodInvocationHelper.invokeHookable(MethodInvocationHelper.java:212)
	at org.testng.internal.Invoker.invokeMethod(Invoker.java:707)
	at org.testng.internal.Invoker.invokeTestMethod(Invoker.java:901)
	at org.testng.internal.Invoker.invokeTestMethods(Invoker.java:1231)
	at org.testng.internal.TestMethodWorker.invokeTestMethods(TestMethodWorker.java:127)
	at org.testng.internal.TestMethodWorker.run(TestMethodWorker.java:111)
	at org.testng.TestRunner.privateRun(TestRunner.java:767)
	at org.testng.TestRunner.run(TestRunner.java:617)
	at org.testng.SuiteRunner.runTest(SuiteRunner.java:334)
	at org.testng.SuiteRunner.runSequentially(SuiteRunner.java:329)
	at org.testng.SuiteRunner.privateRun(SuiteRunner.java:291)
	at org.testng.SuiteRunner.run(SuiteRunner.java:240)
	at org.testng.SuiteRunnerWorker.runSuite(SuiteRunnerWorker.java:52)
	at org.testng.SuiteRunnerWorker.run(SuiteRunnerWorker.java:86)
	at org.testng.TestNG.runSuitesSequentially(TestNG.java:1224)
	at org.testng.TestNG.runSuitesLocally(TestNG.java:1149)
	at org.testng.TestNG.run(TestNG.java:1057)
	at org.testng.remote.RemoteTestNG.run(RemoteTestNG.java:111)
	at org.testng.remote.RemoteTestNG.initAndRun(RemoteTestNG.java:204)
	at org.testng.remote.RemoteTestNG.main(RemoteTestNG.java:175)
</pre></div></td>
<td>0</td>
<td>com.payulatam.samples.bank.test.service.TransactionServiceTest@4f106738</td></tr>
<tr>
<td title='com.payulatam.samples.bank.test.service.TransactionServiceTest.searchByNumber()'><b>searchByNumber</b><br>Test class: com.payulatam.samples.bank.test.service.TransactionServiceTest</td>
<td></td>
<td>0</td>
<td>com.payulatam.samples.bank.test.service.TransactionServiceTest@4f106738</td></tr>
<tr>
<td title='com.payulatam.samples.bank.test.service.TransactionServiceTest.searchBySameDateRangeAndAccount()'><b>searchBySameDateRangeAndAccount</b><br>Test class: com.payulatam.samples.bank.test.service.TransactionServiceTest</td>
<td></td>
<td>0</td>
<td>com.payulatam.samples.bank.test.service.TransactionServiceTest@4f106738</td></tr>
<tr>
<td title='com.payulatam.samples.bank.test.service.ClientServiceTest.updateNonExistingClient()'><b>updateNonExistingClient</b><br>Test class: com.payulatam.samples.bank.test.service.ClientServiceTest</td>
<td><div><pre>java.util.NoSuchElementException
	at com.payulatam.samples.bank.service.impl.ClientService.update(ClientService.java:56)
	at com.payulatam.samples.bank.test.service.ClientServiceTest.updateNonExistingClient(ClientServiceTest.java:67)
	at org.springframework.test.context.testng.AbstractTestNGSpringContextTests.run(AbstractTestNGSpringContextTests.java:158)
... Removed 30 stack frames</pre></div><a href='#' onClick='toggleBox("stack-trace685788708", this, "Click to show all stack frames", "Click to hide stack frames")'>Click to show all stack frames</a>
<div class='stack-trace' id='stack-trace685788708'><pre>java.util.NoSuchElementException
	at com.payulatam.samples.bank.service.impl.ClientService.update(ClientService.java:56)
	at com.payulatam.samples.bank.test.service.ClientServiceTest.updateNonExistingClient(ClientServiceTest.java:67)
	at sun.reflect.NativeMethodAccessorImpl.invoke0(Native Method)
	at sun.reflect.NativeMethodAccessorImpl.invoke(NativeMethodAccessorImpl.java:57)
	at sun.reflect.DelegatingMethodAccessorImpl.invoke(DelegatingMethodAccessorImpl.java:43)
	at java.lang.reflect.Method.invoke(Method.java:606)
	at org.testng.internal.MethodInvocationHelper.invokeMethod(MethodInvocationHelper.java:84)
	at org.testng.internal.MethodInvocationHelper$1.runTestMethod(MethodInvocationHelper.java:200)
	at org.springframework.test.context.testng.AbstractTestNGSpringContextTests.run(AbstractTestNGSpringContextTests.java:158)
	at sun.reflect.NativeMethodAccessorImpl.invoke0(Native Method)
	at sun.reflect.NativeMethodAccessorImpl.invoke(NativeMethodAccessorImpl.java:57)
	at sun.reflect.DelegatingMethodAccessorImpl.invoke(DelegatingMethodAccessorImpl.java:43)
	at java.lang.reflect.Method.invoke(Method.java:606)
	at org.testng.internal.MethodInvocationHelper.invokeHookable(MethodInvocationHelper.java:212)
	at org.testng.internal.Invoker.invokeMethod(Invoker.java:707)
	at org.testng.internal.Invoker.invokeTestMethod(Invoker.java:901)
	at org.testng.internal.Invoker.invokeTestMethods(Invoker.java:1231)
	at org.testng.internal.TestMethodWorker.invokeTestMethods(TestMethodWorker.java:127)
	at org.testng.internal.TestMethodWorker.run(TestMethodWorker.java:111)
	at org.testng.TestRunner.privateRun(TestRunner.java:767)
	at org.testng.TestRunner.run(TestRunner.java:617)
	at org.testng.SuiteRunner.runTest(SuiteRunner.java:334)
	at org.testng.SuiteRunner.runSequentially(SuiteRunner.java:329)
	at org.testng.SuiteRunner.privateRun(SuiteRunner.java:291)
	at org.testng.SuiteRunner.run(SuiteRunner.java:240)
	at org.testng.SuiteRunnerWorker.runSuite(SuiteRunnerWorker.java:52)
	at org.testng.SuiteRunnerWorker.run(SuiteRunnerWorker.java:86)
	at org.testng.TestNG.runSuitesSequentially(TestNG.java:1224)
	at org.testng.TestNG.runSuitesLocally(TestNG.java:1149)
	at org.testng.TestNG.run(TestNG.java:1057)
	at org.testng.remote.RemoteTestNG.run(RemoteTestNG.java:111)
	at org.testng.remote.RemoteTestNG.initAndRun(RemoteTestNG.java:204)
	at org.testng.remote.RemoteTestNG.main(RemoteTestNG.java:175)
</pre></div></td>
<td>0</td>
<td>com.payulatam.samples.bank.test.service.ClientServiceTest@7c9415ea</td></tr>
<tr>
<td title='com.payulatam.samples.bank.test.service.UtilsTest.validateEmptyPhoneNumber()'><b>validateEmptyPhoneNumber</b><br>Test class: com.payulatam.samples.bank.test.service.UtilsTest</td>
<td></td>
<td>0</td>
<td>com.payulatam.samples.bank.test.service.UtilsTest@5a87ce27</td></tr>
<tr>
<td title='com.payulatam.samples.bank.test.service.UtilsTest.validateInvalidPhoneNumber()'><b>validateInvalidPhoneNumber</b><br>Test class: com.payulatam.samples.bank.test.service.UtilsTest</td>
<td></td>
<td>0</td>
<td>com.payulatam.samples.bank.test.service.UtilsTest@5a87ce27</td></tr>
<tr>
<td title='com.payulatam.samples.bank.test.service.UtilsTest.validatePhoneNumberWithSpaces()'><b>validatePhoneNumberWithSpaces</b><br>Test class: com.payulatam.samples.bank.test.service.UtilsTest</td>
<td></td>
<td>0</td>
<td>com.payulatam.samples.bank.test.service.UtilsTest@5a87ce27</td></tr>
</table><p>
</body>
</html>